[debug] [2019-02-04T07:51:26.581Z] ----------------------------------------------------------------------
[debug] [2019-02-04T07:51:26.584Z] Command:       /home/joshua/.config/versions/node/v11.9.0/bin/node /home/joshua/.config/versions/node/v11.9.0/bin/firebase serve
[debug] [2019-02-04T07:51:26.585Z] CLI Version:   6.3.1
[debug] [2019-02-04T07:51:26.585Z] Platform:      linux
[debug] [2019-02-04T07:51:26.585Z] Node Version:  v11.9.0
[debug] [2019-02-04T07:51:26.585Z] Time:          Mon Feb 04 2019 02:51:26 GMT-0500 (Eastern Standard Time)
[debug] [2019-02-04T07:51:26.585Z] ----------------------------------------------------------------------
[debug] 
[debug] [2019-02-04T07:51:26.598Z] > command requires scopes: ["email","openid","https://www.googleapis.com/auth/cloudplatformprojects.readonly","https://www.googleapis.com/auth/firebase","https://www.googleapis.com/auth/cloud-platform"]
[debug] [2019-02-04T07:51:26.598Z] > authorizing via signed-in user
[debug] [2019-02-04T07:51:26.599Z] [iam] checking project joshsjingles for permissions ["firebase.projects.get"]
[debug] [2019-02-04T07:51:26.602Z] >>> HTTP REQUEST POST https://cloudresourcemanager.googleapis.com/v1/projects/joshsjingles:testIamPermissions  

[debug] [2019-02-04T07:51:26.821Z] <<< HTTP RESPONSE 200
[debug] [2019-02-04T07:51:26.825Z] >>> HTTP REQUEST GET https://cloudresourcemanager.googleapis.com/v1/projects/joshsjingles  
 
[debug] [2019-02-04T07:51:26.993Z] <<< HTTP RESPONSE 200
[info] 
[info] === Serving from '/home/joshua/Documents/gitRepository/joshs-jingles/joshs-jingles/joshsJingles'...
[info] 
[info] i  functions: Preparing to emulate functions.
[debug] [2019-02-04T07:51:28.329Z] Fetching environment
[debug] [2019-02-04T07:51:28.333Z] >>> HTTP REQUEST GET https://mobilesdk-pa.googleapis.com/v1/projects/914876195169:getServerAppConfig  
 
[debug] [2019-02-04T07:51:28.333Z] >>> HTTP REQUEST GET https://mobilesdk-pa.googleapis.com/v1/projects/914876195169/clients/_:getWebAppConfig  
 
[debug] [2019-02-04T07:51:28.469Z] <<< HTTP RESPONSE 200
[debug] [2019-02-04T07:51:28.471Z] Starting @google-cloud/functions-emulator
[debug] [2019-02-04T07:51:28.530Z] <<< HTTP RESPONSE 200
[info] i  hosting: Serving hosting files from: public
[info] ✔  hosting: Local server: http://localhost:5000
[debug] [2019-02-04T07:51:30.617Z] Parsing function triggers
[info] ✔  functions: app: http://localhost:5001/joshsjingles/us-central1/app
